{"/vagrant/w3/d1/tinyapp/app.js": {"path":"/vagrant/w3/d1/tinyapp/app.js","statementMap":{"0":{"start":{"line":1,"column":16},"end":{"line":1,"column":34}},"1":{"start":{"line":2,"column":15},"end":{"line":2,"column":41}},"2":{"start":{"line":3,"column":22},"end":{"line":3,"column":47}},"3":{"start":{"line":4,"column":23},"end":{"line":4,"column":49}},"4":{"start":{"line":5,"column":15},"end":{"line":5,"column":32}},"5":{"start":{"line":6,"column":22},"end":{"line":6,"column":44}},"6":{"start":{"line":7,"column":31},"end":{"line":7,"column":58}},"7":{"start":{"line":16,"column":4},"end":{"line":16,"column":32}},"8":{"start":{"line":18,"column":12},"end":{"line":18,"column":21}},"9":{"start":{"line":22,"column":0},"end":{"line":22,"column":49}},"10":{"start":{"line":23,"column":0},"end":{"line":23,"column":31}},"11":{"start":{"line":24,"column":0},"end":{"line":24,"column":35}},"12":{"start":{"line":25,"column":0},"end":{"line":30,"column":2}},"13":{"start":{"line":32,"column":0},"end":{"line":32,"column":30}},"14":{"start":{"line":35,"column":0},"end":{"line":37,"column":3}},"15":{"start":{"line":36,"column":2},"end":{"line":36,"column":24}},"16":{"start":{"line":39,"column":0},"end":{"line":49,"column":3}},"17":{"start":{"line":40,"column":18},"end":{"line":40,"column":37}},"18":{"start":{"line":42,"column":26},"end":{"line":42,"column":46}},"19":{"start":{"line":44,"column":23},"end":{"line":47,"column":3}},"20":{"start":{"line":48,"column":2},"end":{"line":48,"column":41}},"21":{"start":{"line":51,"column":0},"end":{"line":59,"column":3}},"22":{"start":{"line":52,"column":21},"end":{"line":52,"column":53}},"23":{"start":{"line":54,"column":2},"end":{"line":58,"column":3}},"24":{"start":{"line":55,"column":4},"end":{"line":55,"column":27}},"25":{"start":{"line":57,"column":4},"end":{"line":57,"column":41}},"26":{"start":{"line":61,"column":0},"end":{"line":67,"column":3}},"27":{"start":{"line":62,"column":23},"end":{"line":65,"column":3}},"28":{"start":{"line":66,"column":2},"end":{"line":66,"column":44}},"29":{"start":{"line":69,"column":0},"end":{"line":73,"column":3}},"30":{"start":{"line":70,"column":23},"end":{"line":70,"column":69}},"31":{"start":{"line":72,"column":2},"end":{"line":72,"column":41}},"32":{"start":{"line":75,"column":0},"end":{"line":88,"column":3}},"33":{"start":{"line":76,"column":18},"end":{"line":76,"column":37}},"34":{"start":{"line":77,"column":2},"end":{"line":77,"column":46}},"35":{"start":{"line":78,"column":2},"end":{"line":87,"column":3}},"36":{"start":{"line":79,"column":23},"end":{"line":83,"column":5}},"37":{"start":{"line":84,"column":4},"end":{"line":84,"column":42}},"38":{"start":{"line":86,"column":4},"end":{"line":86,"column":26}},"39":{"start":{"line":90,"column":0},"end":{"line":98,"column":3}},"40":{"start":{"line":91,"column":18},"end":{"line":91,"column":37}},"41":{"start":{"line":92,"column":2},"end":{"line":97,"column":3}},"42":{"start":{"line":93,"column":20},"end":{"line":93,"column":60}},"43":{"start":{"line":94,"column":4},"end":{"line":94,"column":26}},"44":{"start":{"line":96,"column":4},"end":{"line":96,"column":26}},"45":{"start":{"line":102,"column":0},"end":{"line":133,"column":3}},"46":{"start":{"line":103,"column":13},"end":{"line":103,"column":28}},"47":{"start":{"line":104,"column":28},"end":{"line":104,"column":36}},"48":{"start":{"line":107,"column":2},"end":{"line":132,"column":3}},"49":{"start":{"line":108,"column":25},"end":{"line":112,"column":5}},"50":{"start":{"line":114,"column":4},"end":{"line":114,"column":20}},"51":{"start":{"line":115,"column":4},"end":{"line":115,"column":53}},"52":{"start":{"line":119,"column":7},"end":{"line":132,"column":3}},"53":{"start":{"line":120,"column":25},"end":{"line":124,"column":5}},"54":{"start":{"line":125,"column":4},"end":{"line":125,"column":20}},"55":{"start":{"line":126,"column":4},"end":{"line":126,"column":53}},"56":{"start":{"line":128,"column":4},"end":{"line":128,"column":45}},"57":{"start":{"line":129,"column":4},"end":{"line":129,"column":40}},"58":{"start":{"line":130,"column":4},"end":{"line":130,"column":32}},"59":{"start":{"line":131,"column":4},"end":{"line":131,"column":26}},"60":{"start":{"line":135,"column":0},"end":{"line":172,"column":3}},"61":{"start":{"line":136,"column":30},"end":{"line":136,"column":38}},"62":{"start":{"line":138,"column":2},"end":{"line":171,"column":3}},"63":{"start":{"line":139,"column":25},"end":{"line":143,"column":5}},"64":{"start":{"line":145,"column":4},"end":{"line":145,"column":20}},"65":{"start":{"line":146,"column":4},"end":{"line":146,"column":50}},"66":{"start":{"line":147,"column":9},"end":{"line":171,"column":3}},"67":{"start":{"line":148,"column":25},"end":{"line":152,"column":5}},"68":{"start":{"line":153,"column":4},"end":{"line":153,"column":20}},"69":{"start":{"line":154,"column":4},"end":{"line":154,"column":50}},"70":{"start":{"line":155,"column":9},"end":{"line":171,"column":3}},"71":{"start":{"line":156,"column":25},"end":{"line":160,"column":5}},"72":{"start":{"line":162,"column":4},"end":{"line":162,"column":20}},"73":{"start":{"line":163,"column":4},"end":{"line":163,"column":50}},"74":{"start":{"line":165,"column":20},"end":{"line":165,"column":25}},"75":{"start":{"line":166,"column":28},"end":{"line":166,"column":48}},"76":{"start":{"line":168,"column":23},"end":{"line":168,"column":66}},"77":{"start":{"line":169,"column":4},"end":{"line":169,"column":34}},"78":{"start":{"line":170,"column":4},"end":{"line":170,"column":43}},"79":{"start":{"line":174,"column":0},"end":{"line":177,"column":3}},"80":{"start":{"line":175,"column":2},"end":{"line":175,"column":21}},"81":{"start":{"line":176,"column":2},"end":{"line":176,"column":24}},"82":{"start":{"line":179,"column":0},"end":{"line":191,"column":3}},"83":{"start":{"line":180,"column":18},"end":{"line":180,"column":37}},"84":{"start":{"line":181,"column":14},"end":{"line":181,"column":70}},"85":{"start":{"line":182,"column":2},"end":{"line":189,"column":3}},"86":{"start":{"line":183,"column":21},"end":{"line":183,"column":43}},"87":{"start":{"line":184,"column":4},"end":{"line":188,"column":6}},"88":{"start":{"line":190,"column":2},"end":{"line":190,"column":24}},"89":{"start":{"line":193,"column":0},"end":{"line":200,"column":3}},"90":{"start":{"line":194,"column":18},"end":{"line":194,"column":37}},"91":{"start":{"line":195,"column":2},"end":{"line":198,"column":3}},"92":{"start":{"line":196,"column":21},"end":{"line":196,"column":40}},"93":{"start":{"line":197,"column":4},"end":{"line":197,"column":33}},"94":{"start":{"line":199,"column":2},"end":{"line":199,"column":24}},"95":{"start":{"line":202,"column":0},"end":{"line":209,"column":3}},"96":{"start":{"line":203,"column":18},"end":{"line":203,"column":37}},"97":{"start":{"line":204,"column":2},"end":{"line":207,"column":3}},"98":{"start":{"line":205,"column":20},"end":{"line":205,"column":48}},"99":{"start":{"line":206,"column":4},"end":{"line":206,"column":55}},"100":{"start":{"line":208,"column":2},"end":{"line":208,"column":24}},"101":{"start":{"line":211,"column":0},"end":{"line":211,"column":21}}},"fnMap":{"0":{"name":"(anonymous_0)","decl":{"start":{"line":35,"column":13},"end":{"line":35,"column":14}},"loc":{"start":{"line":35,"column":27},"end":{"line":37,"column":1}},"line":35},"1":{"name":"(anonymous_1)","decl":{"start":{"line":39,"column":17},"end":{"line":39,"column":18}},"loc":{"start":{"line":39,"column":31},"end":{"line":49,"column":1}},"line":39},"2":{"name":"(anonymous_2)","decl":{"start":{"line":51,"column":21},"end":{"line":51,"column":22}},"loc":{"start":{"line":51,"column":35},"end":{"line":59,"column":1}},"line":51},"3":{"name":"(anonymous_3)","decl":{"start":{"line":61,"column":21},"end":{"line":61,"column":22}},"loc":{"start":{"line":61,"column":35},"end":{"line":67,"column":1}},"line":61},"4":{"name":"(anonymous_4)","decl":{"start":{"line":69,"column":18},"end":{"line":69,"column":19}},"loc":{"start":{"line":69,"column":32},"end":{"line":73,"column":1}},"line":69},"5":{"name":"(anonymous_5)","decl":{"start":{"line":75,"column":27},"end":{"line":75,"column":28}},"loc":{"start":{"line":75,"column":41},"end":{"line":88,"column":1}},"line":75},"6":{"name":"(anonymous_6)","decl":{"start":{"line":90,"column":24},"end":{"line":90,"column":25}},"loc":{"start":{"line":90,"column":38},"end":{"line":98,"column":1}},"line":90},"7":{"name":"(anonymous_7)","decl":{"start":{"line":102,"column":22},"end":{"line":102,"column":23}},"loc":{"start":{"line":102,"column":36},"end":{"line":133,"column":1}},"line":102},"8":{"name":"(anonymous_8)","decl":{"start":{"line":135,"column":19},"end":{"line":135,"column":20}},"loc":{"start":{"line":135,"column":33},"end":{"line":172,"column":1}},"line":135},"9":{"name":"(anonymous_9)","decl":{"start":{"line":174,"column":25},"end":{"line":174,"column":26}},"loc":{"start":{"line":174,"column":39},"end":{"line":177,"column":1}},"line":174},"10":{"name":"(anonymous_10)","decl":{"start":{"line":179,"column":18},"end":{"line":179,"column":19}},"loc":{"start":{"line":179,"column":32},"end":{"line":191,"column":1}},"line":179},"11":{"name":"(anonymous_11)","decl":{"start":{"line":193,"column":37},"end":{"line":193,"column":38}},"loc":{"start":{"line":193,"column":51},"end":{"line":200,"column":1}},"line":193},"12":{"name":"(anonymous_12)","decl":{"start":{"line":202,"column":27},"end":{"line":202,"column":28}},"loc":{"start":{"line":202,"column":41},"end":{"line":209,"column":1}},"line":202}},"branchMap":{"0":{"loc":{"start":{"line":54,"column":2},"end":{"line":58,"column":3}},"type":"if","locations":[{"start":{"line":54,"column":2},"end":{"line":58,"column":3}},{"start":{"line":54,"column":2},"end":{"line":58,"column":3}}],"line":54},"1":{"loc":{"start":{"line":78,"column":2},"end":{"line":87,"column":3}},"type":"if","locations":[{"start":{"line":78,"column":2},"end":{"line":87,"column":3}},{"start":{"line":78,"column":2},"end":{"line":87,"column":3}}],"line":78},"2":{"loc":{"start":{"line":92,"column":2},"end":{"line":97,"column":3}},"type":"if","locations":[{"start":{"line":92,"column":2},"end":{"line":97,"column":3}},{"start":{"line":92,"column":2},"end":{"line":97,"column":3}}],"line":92},"3":{"loc":{"start":{"line":107,"column":2},"end":{"line":132,"column":3}},"type":"if","locations":[{"start":{"line":107,"column":2},"end":{"line":132,"column":3}},{"start":{"line":107,"column":2},"end":{"line":132,"column":3}}],"line":107},"4":{"loc":{"start":{"line":107,"column":6},"end":{"line":107,"column":25}},"type":"binary-expr","locations":[{"start":{"line":107,"column":6},"end":{"line":107,"column":12}},{"start":{"line":107,"column":16},"end":{"line":107,"column":25}}],"line":107},"5":{"loc":{"start":{"line":119,"column":7},"end":{"line":132,"column":3}},"type":"if","locations":[{"start":{"line":119,"column":7},"end":{"line":132,"column":3}},{"start":{"line":119,"column":7},"end":{"line":132,"column":3}}],"line":119},"6":{"loc":{"start":{"line":138,"column":2},"end":{"line":171,"column":3}},"type":"if","locations":[{"start":{"line":138,"column":2},"end":{"line":171,"column":3}},{"start":{"line":138,"column":2},"end":{"line":171,"column":3}}],"line":138},"7":{"loc":{"start":{"line":138,"column":6},"end":{"line":138,"column":25}},"type":"binary-expr","locations":[{"start":{"line":138,"column":6},"end":{"line":138,"column":12}},{"start":{"line":138,"column":16},"end":{"line":138,"column":25}}],"line":138},"8":{"loc":{"start":{"line":147,"column":9},"end":{"line":171,"column":3}},"type":"if","locations":[{"start":{"line":147,"column":9},"end":{"line":171,"column":3}},{"start":{"line":147,"column":9},"end":{"line":171,"column":3}}],"line":147},"9":{"loc":{"start":{"line":155,"column":9},"end":{"line":171,"column":3}},"type":"if","locations":[{"start":{"line":155,"column":9},"end":{"line":171,"column":3}},{"start":{"line":155,"column":9},"end":{"line":171,"column":3}}],"line":155},"10":{"loc":{"start":{"line":155,"column":13},"end":{"line":155,"column":79}},"type":"binary-expr","locations":[{"start":{"line":155,"column":13},"end":{"line":155,"column":34}},{"start":{"line":155,"column":38},"end":{"line":155,"column":79}}],"line":155},"11":{"loc":{"start":{"line":182,"column":2},"end":{"line":189,"column":3}},"type":"if","locations":[{"start":{"line":182,"column":2},"end":{"line":189,"column":3}},{"start":{"line":182,"column":2},"end":{"line":189,"column":3}}],"line":182},"12":{"loc":{"start":{"line":195,"column":2},"end":{"line":198,"column":3}},"type":"if","locations":[{"start":{"line":195,"column":2},"end":{"line":198,"column":3}},{"start":{"line":195,"column":2},"end":{"line":198,"column":3}}],"line":195},"13":{"loc":{"start":{"line":204,"column":2},"end":{"line":207,"column":3}},"type":"if","locations":[{"start":{"line":204,"column":2},"end":{"line":207,"column":3}},{"start":{"line":204,"column":2},"end":{"line":207,"column":3}}],"line":204}},"s":{"0":1,"1":1,"2":1,"3":1,"4":1,"5":1,"6":1,"7":1,"8":1,"9":1,"10":1,"11":1,"12":1,"13":1,"14":1,"15":1,"16":1,"17":0,"18":0,"19":0,"20":0,"21":1,"22":0,"23":0,"24":0,"25":0,"26":1,"27":0,"28":0,"29":1,"30":0,"31":0,"32":1,"33":0,"34":0,"35":0,"36":0,"37":0,"38":0,"39":1,"40":0,"41":0,"42":0,"43":0,"44":0,"45":1,"46":0,"47":0,"48":0,"49":0,"50":0,"51":0,"52":0,"53":0,"54":0,"55":0,"56":0,"57":0,"58":0,"59":0,"60":1,"61":0,"62":0,"63":0,"64":0,"65":0,"66":0,"67":0,"68":0,"69":0,"70":0,"71":0,"72":0,"73":0,"74":0,"75":0,"76":0,"77":0,"78":0,"79":1,"80":0,"81":0,"82":1,"83":0,"84":0,"85":0,"86":0,"87":0,"88":0,"89":1,"90":0,"91":0,"92":0,"93":0,"94":0,"95":1,"96":0,"97":0,"98":0,"99":0,"100":0,"101":1},"f":{"0":1,"1":0,"2":0,"3":0,"4":0,"5":0,"6":0,"7":0,"8":0,"9":0,"10":0,"11":0,"12":0},"b":{"0":[0,0],"1":[0,0],"2":[0,0],"3":[0,0],"4":[0,0],"5":[0,0],"6":[0,0],"7":[0,0],"8":[0,0],"9":[0,0],"10":[0,0],"11":[0,0],"12":[0,0],"13":[0,0]},"_coverageSchema":"1a1c01bbd47fc00a2c39e90264f33305004495a9","hash":"0a0987336df7fb4f42972a7ca0fd1537ba3fa9c1"}
,"/vagrant/w3/d1/tinyapp/constants.js": {"path":"/vagrant/w3/d1/tinyapp/constants.js","statementMap":{"0":{"start":{"line":1,"column":22},"end":{"line":5,"column":1}},"1":{"start":{"line":7,"column":0},"end":{"line":7,"column":31}}},"fnMap":{},"branchMap":{},"s":{"0":1,"1":1},"f":{},"b":{},"_coverageSchema":"1a1c01bbd47fc00a2c39e90264f33305004495a9","hash":"f96bb3c82438365dbb4f9e6f82f1373cca851011"}
,"/vagrant/w3/d1/tinyapp/sampleDatabase.js": {"path":"/vagrant/w3/d1/tinyapp/sampleDatabase.js","statementMap":{"0":{"start":{"line":1,"column":14},"end":{"line":14,"column":1}},"1":{"start":{"line":16,"column":20},"end":{"line":22,"column":1}},"2":{"start":{"line":24,"column":0},"end":{"line":24,"column":40}}},"fnMap":{},"branchMap":{},"s":{"0":2,"1":2,"2":2},"f":{},"b":{},"_coverageSchema":"1a1c01bbd47fc00a2c39e90264f33305004495a9","hash":"0dc8e62321f289841e8e981aac4db3ead0da0f2f"}
,"/vagrant/w3/d1/tinyapp/helpers/helpers.js": {"path":"/vagrant/w3/d1/tinyapp/helpers/helpers.js","statementMap":{"0":{"start":{"line":1,"column":21},"end":{"line":1,"column":47}},"1":{"start":{"line":2,"column":13},"end":{"line":2,"column":31}},"2":{"start":{"line":3,"column":15},"end":{"line":3,"column":32}},"3":{"start":{"line":4,"column":31},"end":{"line":4,"column":59}},"4":{"start":{"line":6,"column":22},"end":{"line":8,"column":1}},"5":{"start":{"line":7,"column":2},"end":{"line":7,"column":30}},"6":{"start":{"line":10,"column":29},"end":{"line":12,"column":1}},"7":{"start":{"line":11,"column":2},"end":{"line":11,"column":25}},"8":{"start":{"line":14,"column":23},"end":{"line":17,"column":1}},"9":{"start":{"line":15,"column":18},"end":{"line":15,"column":65}},"10":{"start":{"line":15,"column":49},"end":{"line":15,"column":64}},"11":{"start":{"line":16,"column":2},"end":{"line":16,"column":36}},"12":{"start":{"line":19,"column":32},"end":{"line":26,"column":1}},"13":{"start":{"line":20,"column":2},"end":{"line":24,"column":3}},"14":{"start":{"line":21,"column":4},"end":{"line":23,"column":5}},"15":{"start":{"line":22,"column":6},"end":{"line":22,"column":18}},"16":{"start":{"line":25,"column":2},"end":{"line":25,"column":15}},"17":{"start":{"line":28,"column":21},"end":{"line":36,"column":1}},"18":{"start":{"line":30,"column":2},"end":{"line":34,"column":3}},"19":{"start":{"line":31,"column":4},"end":{"line":33,"column":5}},"20":{"start":{"line":32,"column":6},"end":{"line":32,"column":45}},"21":{"start":{"line":35,"column":2},"end":{"line":35,"column":19}},"22":{"start":{"line":38,"column":20},"end":{"line":46,"column":1}},"23":{"start":{"line":39,"column":21},"end":{"line":39,"column":23}},"24":{"start":{"line":40,"column":2},"end":{"line":44,"column":3}},"25":{"start":{"line":41,"column":4},"end":{"line":43,"column":5}},"26":{"start":{"line":42,"column":6},"end":{"line":42,"column":41}},"27":{"start":{"line":45,"column":2},"end":{"line":45,"column":20}},"28":{"start":{"line":48,"column":0},"end":{"line":55,"column":2}}},"fnMap":{"0":{"name":"(anonymous_0)","decl":{"start":{"line":6,"column":22},"end":{"line":6,"column":23}},"loc":{"start":{"line":6,"column":28},"end":{"line":8,"column":1}},"line":6},"1":{"name":"(anonymous_1)","decl":{"start":{"line":10,"column":29},"end":{"line":10,"column":30}},"loc":{"start":{"line":10,"column":35},"end":{"line":12,"column":1}},"line":10},"2":{"name":"(anonymous_2)","decl":{"start":{"line":14,"column":23},"end":{"line":14,"column":24}},"loc":{"start":{"line":14,"column":37},"end":{"line":17,"column":1}},"line":14},"3":{"name":"(anonymous_3)","decl":{"start":{"line":15,"column":41},"end":{"line":15,"column":42}},"loc":{"start":{"line":15,"column":49},"end":{"line":15,"column":64}},"line":15},"4":{"name":"(anonymous_4)","decl":{"start":{"line":19,"column":32},"end":{"line":19,"column":33}},"loc":{"start":{"line":19,"column":61},"end":{"line":26,"column":1}},"line":19},"5":{"name":"(anonymous_5)","decl":{"start":{"line":28,"column":21},"end":{"line":28,"column":22}},"loc":{"start":{"line":28,"column":32},"end":{"line":36,"column":1}},"line":28},"6":{"name":"(anonymous_6)","decl":{"start":{"line":38,"column":20},"end":{"line":38,"column":21}},"loc":{"start":{"line":38,"column":31},"end":{"line":46,"column":1}},"line":38}},"branchMap":{"0":{"loc":{"start":{"line":21,"column":4},"end":{"line":23,"column":5}},"type":"if","locations":[{"start":{"line":21,"column":4},"end":{"line":23,"column":5}},{"start":{"line":21,"column":4},"end":{"line":23,"column":5}}],"line":21},"1":{"loc":{"start":{"line":21,"column":8},"end":{"line":21,"column":93}},"type":"binary-expr","locations":[{"start":{"line":21,"column":8},"end":{"line":21,"column":37}},{"start":{"line":21,"column":41},"end":{"line":21,"column":93}}],"line":21},"2":{"loc":{"start":{"line":31,"column":4},"end":{"line":33,"column":5}},"type":"if","locations":[{"start":{"line":31,"column":4},"end":{"line":33,"column":5}},{"start":{"line":31,"column":4},"end":{"line":33,"column":5}}],"line":31},"3":{"loc":{"start":{"line":41,"column":4},"end":{"line":43,"column":5}},"type":"if","locations":[{"start":{"line":41,"column":4},"end":{"line":43,"column":5}},{"start":{"line":41,"column":4},"end":{"line":43,"column":5}}],"line":41}},"s":{"0":2,"1":2,"2":2,"3":2,"4":2,"5":1,"6":2,"7":1,"8":2,"9":1,"10":2,"11":1,"12":2,"13":2,"14":4,"15":1,"16":1,"17":2,"18":0,"19":0,"20":0,"21":0,"22":2,"23":1,"24":1,"25":5,"26":2,"27":1,"28":2},"f":{"0":1,"1":1,"2":1,"3":2,"4":2,"5":0,"6":1},"b":{"0":[1,3],"1":[4,2],"2":[0,0],"3":[2,3]},"_coverageSchema":"1a1c01bbd47fc00a2c39e90264f33305004495a9","hash":"d9eb7351a3d1ca7f3503043f24416068f4ff3625"}
}
