TN:
SF:sampleDatabase.js
FNF:0
FNH:0
DA:1,1
DA:16,1
DA:24,1
LF:3
LH:3
BRF:0
BRH:0
end_of_record
TN:
SF:helpers/helpers.js
FN:6,(anonymous_0)
FN:10,(anonymous_1)
FN:14,(anonymous_2)
FN:15,(anonymous_3)
FN:19,(anonymous_4)
FN:28,(anonymous_5)
FN:38,(anonymous_6)
FNF:7
FNH:6
FNDA:1,(anonymous_0)
FNDA:1,(anonymous_1)
FNDA:1,(anonymous_2)
FNDA:2,(anonymous_3)
FNDA:2,(anonymous_4)
FNDA:0,(anonymous_5)
FNDA:1,(anonymous_6)
DA:1,1
DA:2,1
DA:3,1
DA:4,1
DA:6,1
DA:7,1
DA:10,1
DA:11,1
DA:14,1
DA:15,2
DA:16,1
DA:19,1
DA:20,2
DA:21,4
DA:22,1
DA:25,1
DA:28,1
DA:30,0
DA:31,0
DA:32,0
DA:35,0
DA:38,1
DA:39,1
DA:40,1
DA:41,5
DA:42,2
DA:45,1
DA:48,1
LF:28
LH:24
BRDA:21,0,0,1
BRDA:21,0,1,3
BRDA:21,1,0,4
BRDA:21,1,1,2
BRDA:31,2,0,0
BRDA:31,2,1,0
BRDA:41,3,0,2
BRDA:41,3,1,3
BRF:8
BRH:6
end_of_record
